{"/Users/benturner/Dropbox/Code/galapagus/app/linguist.js/user.js":{"path":"/Users/benturner/Dropbox/Code/galapagus/app/linguist.js/user.js","s":{"1":1,"2":1,"3":15,"4":15,"5":15,"6":3,"7":15,"8":11,"9":12,"10":4,"11":15,"12":1,"13":13,"14":1,"15":12,"16":1,"17":2,"18":1},"b":{"1":[15,12],"2":[3,12],"3":[11,4],"4":[1,12],"5":[13,12],"6":[12,11,10,2]},"f":{"1":15,"2":13,"3":2},"fnMap":{"1":{"name":"(anonymous_1)","line":7,"loc":{"start":{"line":7,"column":11},"end":{"line":7,"column":48}}},"2":{"name":"(anonymous_2)","line":40,"loc":{"start":{"line":40,"column":25},"end":{"line":40,"column":53}}},"3":{"name":"(anonymous_3)","line":56,"loc":{"start":{"line":56,"column":28},"end":{"line":56,"column":42}}}},"statementMap":{"1":{"start":{"line":1,"column":0},"end":{"line":1,"column":37}},"2":{"start":{"line":7,"column":0},"end":{"line":31,"column":2}},"3":{"start":{"line":8,"column":4},"end":{"line":8,"column":24}},"4":{"start":{"line":9,"column":4},"end":{"line":9,"column":56}},"5":{"start":{"line":10,"column":4},"end":{"line":12,"column":5}},"6":{"start":{"line":11,"column":8},"end":{"line":11,"column":23}},"7":{"start":{"line":13,"column":4},"end":{"line":28,"column":5}},"8":{"start":{"line":14,"column":8},"end":{"line":19,"column":9}},"9":{"start":{"line":15,"column":12},"end":{"line":18,"column":14}},"10":{"start":{"line":22,"column":8},"end":{"line":27,"column":10}},"11":{"start":{"line":30,"column":4},"end":{"line":30,"column":16}},"12":{"start":{"line":40,"column":0},"end":{"line":54,"column":2}},"13":{"start":{"line":41,"column":4},"end":{"line":43,"column":5}},"14":{"start":{"line":42,"column":8},"end":{"line":42,"column":21}},"15":{"start":{"line":53,"column":4},"end":{"line":53,"column":139}},"16":{"start":{"line":56,"column":0},"end":{"line":58,"column":2}},"17":{"start":{"line":57,"column":4},"end":{"line":57,"column":52}},"18":{"start":{"line":60,"column":0},"end":{"line":60,"column":22}}},"branchMap":{"1":{"line":9,"type":"binary-expr","locations":[{"start":{"line":9,"column":27},"end":{"line":9,"column":42}},{"start":{"line":9,"column":46},"end":{"line":9,"column":55}}]},"2":{"line":10,"type":"if","locations":[{"start":{"line":10,"column":4},"end":{"line":10,"column":4}},{"start":{"line":10,"column":4},"end":{"line":10,"column":4}}]},"3":{"line":13,"type":"if","locations":[{"start":{"line":13,"column":4},"end":{"line":13,"column":4}},{"start":{"line":13,"column":4},"end":{"line":13,"column":4}}]},"4":{"line":41,"type":"if","locations":[{"start":{"line":41,"column":4},"end":{"line":41,"column":4}},{"start":{"line":41,"column":4},"end":{"line":41,"column":4}}]},"5":{"line":41,"type":"binary-expr","locations":[{"start":{"line":41,"column":8},"end":{"line":41,"column":22}},{"start":{"line":41,"column":26},"end":{"line":41,"column":47}}]},"6":{"line":53,"type":"binary-expr","locations":[{"start":{"line":53,"column":37},"end":{"line":53,"column":61}},{"start":{"line":53,"column":65},"end":{"line":53,"column":73}},{"start":{"line":53,"column":77},"end":{"line":53,"column":113}},{"start":{"line":53,"column":117},"end":{"line":53,"column":137}}]}}},"/Users/benturner/Dropbox/Code/galapagus/app/linguist.js/linguist.js":{"path":"/Users/benturner/Dropbox/Code/galapagus/app/linguist.js/linguist.js","s":{"1":1,"2":1,"3":1,"4":1,"5":1,"6":1,"7":1,"8":8,"9":8,"10":6,"11":2,"12":8,"13":1,"14":15,"15":15,"16":15,"17":1,"18":91,"19":91,"20":91,"21":91,"22":31,"23":91,"24":33,"25":91,"26":1,"27":16,"28":14,"29":14,"30":91,"31":14,"32":2,"33":14,"34":1,"35":14,"36":5,"37":14,"38":14,"39":1,"40":2,"41":1,"42":1,"43":1,"44":1,"45":2,"46":1,"47":1,"48":1,"49":1},"b":{"1":[8,2],"2":[6,2],"3":[2,2],"4":[15,3],"5":[15,1],"6":[31,60],"7":[33,58],"8":[91,82,73],"9":[14,2],"10":[5,9],"11":[14,10],"12":[1,1]},"f":{"1":1,"2":8,"3":15,"4":91,"5":16,"6":14,"7":2,"8":2,"9":1},"fnMap":{"1":{"name":"(anonymous_1)","line":25,"loc":{"start":{"line":25,"column":16},"end":{"line":25,"column":27}}},"2":{"name":"MetaData","line":47,"loc":{"start":{"line":47,"column":4},"end":{"line":47,"column":39}}},"3":{"name":"Msg","line":66,"loc":{"start":{"line":66,"column":4},"end":{"line":66,"column":36}}},"4":{"name":"(anonymous_4)","line":87,"loc":{"start":{"line":87,"column":19},"end":{"line":87,"column":43}}},"5":{"name":"(anonymous_5)","line":113,"loc":{"start":{"line":113,"column":21},"end":{"line":113,"column":45}}},"6":{"name":"(anonymous_6)","line":137,"loc":{"start":{"line":137,"column":18},"end":{"line":137,"column":46}}},"7":{"name":"(anonymous_7)","line":154,"loc":{"start":{"line":154,"column":21},"end":{"line":154,"column":46}}},"8":{"name":"(anonymous_8)","line":164,"loc":{"start":{"line":164,"column":28},"end":{"line":164,"column":39}}},"9":{"name":"(anonymous_9)","line":168,"loc":{"start":{"line":168,"column":32},"end":{"line":168,"column":43}}}},"statementMap":{"1":{"start":{"line":23,"column":1},"end":{"line":23,"column":32}},"2":{"start":{"line":25,"column":0},"end":{"line":180,"column":5}},"3":{"start":{"line":31,"column":4},"end":{"line":31,"column":29}},"4":{"start":{"line":33,"column":4},"end":{"line":33,"column":33}},"5":{"start":{"line":34,"column":4},"end":{"line":34,"column":32}},"6":{"start":{"line":35,"column":4},"end":{"line":35,"column":89}},"7":{"start":{"line":47,"column":4},"end":{"line":57,"column":5}},"8":{"start":{"line":48,"column":8},"end":{"line":48,"column":46}},"9":{"start":{"line":49,"column":8},"end":{"line":54,"column":9}},"10":{"start":{"line":50,"column":12},"end":{"line":50,"column":27}},"11":{"start":{"line":53,"column":12},"end":{"line":53,"column":38}},"12":{"start":{"line":56,"column":8},"end":{"line":56,"column":20}},"13":{"start":{"line":66,"column":4},"end":{"line":71,"column":5}},"14":{"start":{"line":67,"column":8},"end":{"line":67,"column":37}},"15":{"start":{"line":68,"column":8},"end":{"line":68,"column":46}},"16":{"start":{"line":70,"column":8},"end":{"line":70,"column":20}},"17":{"start":{"line":87,"column":4},"end":{"line":103,"column":6}},"18":{"start":{"line":88,"column":8},"end":{"line":88,"column":51}},"19":{"start":{"line":91,"column":8},"end":{"line":91,"column":58}},"20":{"start":{"line":92,"column":8},"end":{"line":92,"column":62}},"21":{"start":{"line":94,"column":8},"end":{"line":96,"column":9}},"22":{"start":{"line":95,"column":12},"end":{"line":95,"column":46}},"23":{"start":{"line":98,"column":8},"end":{"line":100,"column":9}},"24":{"start":{"line":99,"column":12},"end":{"line":99,"column":87}},"25":{"start":{"line":102,"column":8},"end":{"line":102,"column":17}},"26":{"start":{"line":113,"column":4},"end":{"line":127,"column":6}},"27":{"start":{"line":114,"column":8},"end":{"line":125,"column":9}},"28":{"start":{"line":115,"column":12},"end":{"line":115,"column":49}},"29":{"start":{"line":117,"column":12},"end":{"line":119,"column":13}},"30":{"start":{"line":118,"column":16},"end":{"line":118,"column":68}},"31":{"start":{"line":121,"column":12},"end":{"line":121,"column":44}},"32":{"start":{"line":124,"column":12},"end":{"line":124,"column":25}},"33":{"start":{"line":126,"column":8},"end":{"line":126,"column":19}},"34":{"start":{"line":137,"column":4},"end":{"line":144,"column":6}},"35":{"start":{"line":138,"column":8},"end":{"line":140,"column":9}},"36":{"start":{"line":139,"column":12},"end":{"line":139,"column":49}},"37":{"start":{"line":142,"column":8},"end":{"line":142,"column":57}},"38":{"start":{"line":143,"column":8},"end":{"line":143,"column":44}},"39":{"start":{"line":154,"column":4},"end":{"line":162,"column":6}},"40":{"start":{"line":155,"column":8},"end":{"line":161,"column":9}},"41":{"start":{"line":156,"column":12},"end":{"line":156,"column":60}},"42":{"start":{"line":159,"column":12},"end":{"line":159,"column":37}},"43":{"start":{"line":160,"column":12},"end":{"line":160,"column":68}},"44":{"start":{"line":164,"column":4},"end":{"line":166,"column":6}},"45":{"start":{"line":165,"column":8},"end":{"line":165,"column":31}},"46":{"start":{"line":168,"column":4},"end":{"line":170,"column":6}},"47":{"start":{"line":169,"column":8},"end":{"line":169,"column":35}},"48":{"start":{"line":172,"column":4},"end":{"line":179,"column":6}},"49":{"start":{"line":182,"column":0},"end":{"line":182,"column":26}}},"branchMap":{"1":{"line":48,"type":"binary-expr","locations":[{"start":{"line":48,"column":24},"end":{"line":48,"column":32}},{"start":{"line":48,"column":36},"end":{"line":48,"column":45}}]},"2":{"line":49,"type":"if","locations":[{"start":{"line":49,"column":8},"end":{"line":49,"column":8}},{"start":{"line":49,"column":8},"end":{"line":49,"column":8}}]},"3":{"line":53,"type":"binary-expr","locations":[{"start":{"line":53,"column":25},"end":{"line":53,"column":30}},{"start":{"line":53,"column":34},"end":{"line":53,"column":37}}]},"4":{"line":67,"type":"binary-expr","locations":[{"start":{"line":67,"column":23},"end":{"line":67,"column":30}},{"start":{"line":67,"column":34},"end":{"line":67,"column":36}}]},"5":{"line":68,"type":"binary-expr","locations":[{"start":{"line":68,"column":24},"end":{"line":68,"column":32}},{"start":{"line":68,"column":36},"end":{"line":68,"column":45}}]},"6":{"line":94,"type":"if","locations":[{"start":{"line":94,"column":8},"end":{"line":94,"column":8}},{"start":{"line":94,"column":8},"end":{"line":94,"column":8}}]},"7":{"line":98,"type":"if","locations":[{"start":{"line":98,"column":8},"end":{"line":98,"column":8}},{"start":{"line":98,"column":8},"end":{"line":98,"column":8}}]},"8":{"line":98,"type":"binary-expr","locations":[{"start":{"line":98,"column":12},"end":{"line":98,"column":40}},{"start":{"line":98,"column":44},"end":{"line":98,"column":53}},{"start":{"line":98,"column":57},"end":{"line":98,"column":86}}]},"9":{"line":114,"type":"if","locations":[{"start":{"line":114,"column":8},"end":{"line":114,"column":8}},{"start":{"line":114,"column":8},"end":{"line":114,"column":8}}]},"10":{"line":138,"type":"if","locations":[{"start":{"line":138,"column":8},"end":{"line":138,"column":8}},{"start":{"line":138,"column":8},"end":{"line":138,"column":8}}]},"11":{"line":138,"type":"binary-expr","locations":[{"start":{"line":138,"column":12},"end":{"line":138,"column":41}},{"start":{"line":138,"column":45},"end":{"line":138,"column":67}}]},"12":{"line":155,"type":"if","locations":[{"start":{"line":155,"column":8},"end":{"line":155,"column":8}},{"start":{"line":155,"column":8},"end":{"line":155,"column":8}}]}}}}