{"/Users/benturner/Dropbox/Code/galapagus/app/linguist/user.js":{"path":"/Users/benturner/Dropbox/Code/galapagus/app/linguist/user.js","s":{"1":1,"2":1,"3":15,"4":15,"5":15,"6":3,"7":15,"8":11,"9":12,"10":4,"11":1,"12":13,"13":1,"14":12,"15":1,"16":2,"17":1},"b":{"1":[15,12],"2":[3,12],"3":[11,4],"4":[1,12],"5":[13,12],"6":[12,11,10,2]},"f":{"1":15,"2":13,"3":2},"fnMap":{"1":{"name":"(anonymous_1)","line":3,"loc":{"start":{"line":3,"column":11},"end":{"line":3,"column":48}}},"2":{"name":"(anonymous_2)","line":35,"loc":{"start":{"line":35,"column":25},"end":{"line":35,"column":53}}},"3":{"name":"(anonymous_3)","line":51,"loc":{"start":{"line":51,"column":28},"end":{"line":51,"column":42}}}},"statementMap":{"1":{"start":{"line":1,"column":0},"end":{"line":1,"column":37}},"2":{"start":{"line":3,"column":0},"end":{"line":25,"column":2}},"3":{"start":{"line":4,"column":4},"end":{"line":4,"column":24}},"4":{"start":{"line":5,"column":4},"end":{"line":5,"column":56}},"5":{"start":{"line":6,"column":4},"end":{"line":8,"column":5}},"6":{"start":{"line":7,"column":8},"end":{"line":7,"column":23}},"7":{"start":{"line":9,"column":4},"end":{"line":24,"column":5}},"8":{"start":{"line":10,"column":8},"end":{"line":15,"column":9}},"9":{"start":{"line":11,"column":12},"end":{"line":14,"column":14}},"10":{"start":{"line":18,"column":8},"end":{"line":23,"column":10}},"11":{"start":{"line":35,"column":0},"end":{"line":49,"column":2}},"12":{"start":{"line":36,"column":4},"end":{"line":38,"column":5}},"13":{"start":{"line":37,"column":8},"end":{"line":37,"column":21}},"14":{"start":{"line":48,"column":4},"end":{"line":48,"column":139}},"15":{"start":{"line":51,"column":0},"end":{"line":53,"column":2}},"16":{"start":{"line":52,"column":4},"end":{"line":52,"column":52}},"17":{"start":{"line":55,"column":0},"end":{"line":55,"column":22}}},"branchMap":{"1":{"line":5,"type":"binary-expr","locations":[{"start":{"line":5,"column":27},"end":{"line":5,"column":42}},{"start":{"line":5,"column":46},"end":{"line":5,"column":55}}]},"2":{"line":6,"type":"if","locations":[{"start":{"line":6,"column":4},"end":{"line":6,"column":4}},{"start":{"line":6,"column":4},"end":{"line":6,"column":4}}]},"3":{"line":9,"type":"if","locations":[{"start":{"line":9,"column":4},"end":{"line":9,"column":4}},{"start":{"line":9,"column":4},"end":{"line":9,"column":4}}]},"4":{"line":36,"type":"if","locations":[{"start":{"line":36,"column":4},"end":{"line":36,"column":4}},{"start":{"line":36,"column":4},"end":{"line":36,"column":4}}]},"5":{"line":36,"type":"binary-expr","locations":[{"start":{"line":36,"column":8},"end":{"line":36,"column":22}},{"start":{"line":36,"column":26},"end":{"line":36,"column":47}}]},"6":{"line":48,"type":"binary-expr","locations":[{"start":{"line":48,"column":37},"end":{"line":48,"column":61}},{"start":{"line":48,"column":65},"end":{"line":48,"column":73}},{"start":{"line":48,"column":77},"end":{"line":48,"column":113}},{"start":{"line":48,"column":117},"end":{"line":48,"column":137}}]}}},"/Users/benturner/Dropbox/Code/galapagus/app/linguist/linguist.js":{"path":"/Users/benturner/Dropbox/Code/galapagus/app/linguist/linguist.js","s":{"1":1,"2":1,"3":1,"4":1,"5":1,"6":1,"7":8,"8":8,"9":6,"10":2,"11":8,"12":1,"13":15,"14":15,"15":15,"16":1,"17":91,"18":91,"19":31,"20":91,"21":26,"22":91,"23":1,"24":16,"25":14,"26":14,"27":14,"28":91,"29":14,"30":2,"31":14,"32":1,"33":14,"34":5,"35":14,"36":14,"37":1,"38":2,"39":1,"40":1,"41":1,"42":1,"43":2,"44":1,"45":1,"46":1,"47":1},"b":{"1":[8,2],"2":[6,2],"3":[2,2],"4":[15,3],"5":[15,1],"6":[31,60],"7":[26,65],"8":[91,82,73],"9":[14,2],"10":[5,9],"11":[14,10],"12":[1,1]},"f":{"1":1,"2":8,"3":15,"4":91,"5":16,"6":14,"7":2,"8":2,"9":1},"fnMap":{"1":{"name":"(anonymous_1)","line":23,"loc":{"start":{"line":23,"column":16},"end":{"line":23,"column":27}}},"2":{"name":"MetaData","line":36,"loc":{"start":{"line":36,"column":4},"end":{"line":36,"column":39}}},"3":{"name":"Msg","line":49,"loc":{"start":{"line":49,"column":4},"end":{"line":49,"column":36}}},"4":{"name":"(anonymous_4)","line":57,"loc":{"start":{"line":57,"column":19},"end":{"line":57,"column":43}}},"5":{"name":"(anonymous_5)","line":71,"loc":{"start":{"line":71,"column":21},"end":{"line":71,"column":45}}},"6":{"name":"(anonymous_6)","line":89,"loc":{"start":{"line":89,"column":18},"end":{"line":89,"column":46}}},"7":{"name":"(anonymous_7)","line":99,"loc":{"start":{"line":99,"column":21},"end":{"line":99,"column":46}}},"8":{"name":"(anonymous_8)","line":109,"loc":{"start":{"line":109,"column":28},"end":{"line":109,"column":39}}},"9":{"name":"(anonymous_9)","line":113,"loc":{"start":{"line":113,"column":32},"end":{"line":113,"column":43}}}},"statementMap":{"1":{"start":{"line":23,"column":0},"end":{"line":125,"column":5}},"2":{"start":{"line":29,"column":4},"end":{"line":29,"column":29}},"3":{"start":{"line":31,"column":4},"end":{"line":31,"column":33}},"4":{"start":{"line":32,"column":4},"end":{"line":32,"column":32}},"5":{"start":{"line":33,"column":4},"end":{"line":33,"column":89}},"6":{"start":{"line":36,"column":4},"end":{"line":46,"column":5}},"7":{"start":{"line":37,"column":8},"end":{"line":37,"column":46}},"8":{"start":{"line":38,"column":8},"end":{"line":43,"column":9}},"9":{"start":{"line":39,"column":12},"end":{"line":39,"column":27}},"10":{"start":{"line":42,"column":12},"end":{"line":42,"column":38}},"11":{"start":{"line":45,"column":8},"end":{"line":45,"column":20}},"12":{"start":{"line":49,"column":4},"end":{"line":54,"column":5}},"13":{"start":{"line":50,"column":8},"end":{"line":50,"column":37}},"14":{"start":{"line":51,"column":8},"end":{"line":51,"column":46}},"15":{"start":{"line":53,"column":8},"end":{"line":53,"column":20}},"16":{"start":{"line":57,"column":4},"end":{"line":68,"column":6}},"17":{"start":{"line":58,"column":8},"end":{"line":58,"column":51}},"18":{"start":{"line":59,"column":8},"end":{"line":61,"column":9}},"19":{"start":{"line":60,"column":12},"end":{"line":60,"column":46}},"20":{"start":{"line":63,"column":8},"end":{"line":65,"column":9}},"21":{"start":{"line":64,"column":12},"end":{"line":64,"column":87}},"22":{"start":{"line":67,"column":8},"end":{"line":67,"column":17}},"23":{"start":{"line":71,"column":4},"end":{"line":86,"column":6}},"24":{"start":{"line":72,"column":8},"end":{"line":84,"column":9}},"25":{"start":{"line":73,"column":12},"end":{"line":73,"column":29}},"26":{"start":{"line":74,"column":12},"end":{"line":74,"column":49}},"27":{"start":{"line":76,"column":12},"end":{"line":78,"column":13}},"28":{"start":{"line":77,"column":16},"end":{"line":77,"column":68}},"29":{"start":{"line":80,"column":12},"end":{"line":80,"column":44}},"30":{"start":{"line":83,"column":12},"end":{"line":83,"column":25}},"31":{"start":{"line":85,"column":8},"end":{"line":85,"column":19}},"32":{"start":{"line":89,"column":4},"end":{"line":96,"column":6}},"33":{"start":{"line":90,"column":8},"end":{"line":92,"column":9}},"34":{"start":{"line":91,"column":12},"end":{"line":91,"column":49}},"35":{"start":{"line":94,"column":8},"end":{"line":94,"column":57}},"36":{"start":{"line":95,"column":8},"end":{"line":95,"column":44}},"37":{"start":{"line":99,"column":4},"end":{"line":107,"column":6}},"38":{"start":{"line":100,"column":8},"end":{"line":106,"column":9}},"39":{"start":{"line":101,"column":12},"end":{"line":101,"column":60}},"40":{"start":{"line":104,"column":12},"end":{"line":104,"column":37}},"41":{"start":{"line":105,"column":12},"end":{"line":105,"column":68}},"42":{"start":{"line":109,"column":4},"end":{"line":111,"column":6}},"43":{"start":{"line":110,"column":8},"end":{"line":110,"column":31}},"44":{"start":{"line":113,"column":4},"end":{"line":115,"column":6}},"45":{"start":{"line":114,"column":8},"end":{"line":114,"column":35}},"46":{"start":{"line":117,"column":4},"end":{"line":124,"column":6}},"47":{"start":{"line":127,"column":0},"end":{"line":127,"column":26}}},"branchMap":{"1":{"line":37,"type":"binary-expr","locations":[{"start":{"line":37,"column":24},"end":{"line":37,"column":32}},{"start":{"line":37,"column":36},"end":{"line":37,"column":45}}]},"2":{"line":38,"type":"if","locations":[{"start":{"line":38,"column":8},"end":{"line":38,"column":8}},{"start":{"line":38,"column":8},"end":{"line":38,"column":8}}]},"3":{"line":42,"type":"binary-expr","locations":[{"start":{"line":42,"column":25},"end":{"line":42,"column":30}},{"start":{"line":42,"column":34},"end":{"line":42,"column":37}}]},"4":{"line":50,"type":"binary-expr","locations":[{"start":{"line":50,"column":23},"end":{"line":50,"column":30}},{"start":{"line":50,"column":34},"end":{"line":50,"column":36}}]},"5":{"line":51,"type":"binary-expr","locations":[{"start":{"line":51,"column":24},"end":{"line":51,"column":32}},{"start":{"line":51,"column":36},"end":{"line":51,"column":45}}]},"6":{"line":59,"type":"if","locations":[{"start":{"line":59,"column":8},"end":{"line":59,"column":8}},{"start":{"line":59,"column":8},"end":{"line":59,"column":8}}]},"7":{"line":63,"type":"if","locations":[{"start":{"line":63,"column":8},"end":{"line":63,"column":8}},{"start":{"line":63,"column":8},"end":{"line":63,"column":8}}]},"8":{"line":63,"type":"binary-expr","locations":[{"start":{"line":63,"column":12},"end":{"line":63,"column":40}},{"start":{"line":63,"column":44},"end":{"line":63,"column":53}},{"start":{"line":63,"column":57},"end":{"line":63,"column":86}}]},"9":{"line":72,"type":"if","locations":[{"start":{"line":72,"column":8},"end":{"line":72,"column":8}},{"start":{"line":72,"column":8},"end":{"line":72,"column":8}}]},"10":{"line":90,"type":"if","locations":[{"start":{"line":90,"column":8},"end":{"line":90,"column":8}},{"start":{"line":90,"column":8},"end":{"line":90,"column":8}}]},"11":{"line":90,"type":"binary-expr","locations":[{"start":{"line":90,"column":12},"end":{"line":90,"column":41}},{"start":{"line":90,"column":45},"end":{"line":90,"column":67}}]},"12":{"line":100,"type":"if","locations":[{"start":{"line":100,"column":8},"end":{"line":100,"column":8}},{"start":{"line":100,"column":8},"end":{"line":100,"column":8}}]}}}}