TN:
SF:/Users/benturner/Dropbox/Code/galapagus/app/linguist.js/user.js
FN:7,(anonymous_1)
FN:40,(anonymous_2)
FN:56,(anonymous_3)
FNF:3
FNH:3
FNDA:15,(anonymous_1)
FNDA:13,(anonymous_2)
FNDA:2,(anonymous_3)
DA:1,1
DA:7,1
DA:8,15
DA:9,15
DA:10,15
DA:11,3
DA:13,15
DA:14,11
DA:15,12
DA:22,4
DA:30,15
DA:40,1
DA:41,13
DA:42,1
DA:53,12
DA:56,1
DA:57,2
DA:60,1
LF:18
LH:18
BRDA:9,1,0,15
BRDA:9,1,1,12
BRDA:10,2,0,3
BRDA:10,2,1,12
BRDA:13,3,0,11
BRDA:13,3,1,4
BRDA:41,4,0,1
BRDA:41,4,1,12
BRDA:41,5,0,13
BRDA:41,5,1,12
BRDA:53,6,0,12
BRDA:53,6,1,11
BRDA:53,6,2,10
BRDA:53,6,3,2
BRF:14
BRH:14
end_of_record
TN:
SF:/Users/benturner/Dropbox/Code/galapagus/app/linguist.js/linguist.js
FN:25,(anonymous_1)
FN:47,MetaData
FN:66,Msg
FN:87,(anonymous_4)
FN:113,(anonymous_5)
FN:137,(anonymous_6)
FN:154,(anonymous_7)
FN:164,(anonymous_8)
FN:168,(anonymous_9)
FNF:9
FNH:9
FNDA:1,(anonymous_1)
FNDA:8,MetaData
FNDA:15,Msg
FNDA:91,(anonymous_4)
FNDA:16,(anonymous_5)
FNDA:14,(anonymous_6)
FNDA:2,(anonymous_7)
FNDA:2,(anonymous_8)
FNDA:1,(anonymous_9)
DA:23,1
DA:25,1
DA:31,1
DA:33,1
DA:34,1
DA:35,1
DA:47,1
DA:48,8
DA:49,8
DA:50,6
DA:53,2
DA:56,8
DA:66,1
DA:67,15
DA:68,15
DA:70,15
DA:87,1
DA:88,91
DA:91,91
DA:92,91
DA:94,91
DA:95,31
DA:98,91
DA:99,33
DA:102,91
DA:113,1
DA:114,16
DA:115,14
DA:117,14
DA:118,91
DA:121,14
DA:124,2
DA:126,14
DA:137,1
DA:138,14
DA:139,5
DA:142,14
DA:143,14
DA:154,1
DA:155,2
DA:156,1
DA:159,1
DA:160,1
DA:164,1
DA:165,2
DA:168,1
DA:169,1
DA:172,1
DA:182,1
LF:49
LH:49
BRDA:48,1,0,8
BRDA:48,1,1,2
BRDA:49,2,0,6
BRDA:49,2,1,2
BRDA:53,3,0,2
BRDA:53,3,1,2
BRDA:67,4,0,15
BRDA:67,4,1,3
BRDA:68,5,0,15
BRDA:68,5,1,1
BRDA:94,6,0,31
BRDA:94,6,1,60
BRDA:98,7,0,33
BRDA:98,7,1,58
BRDA:98,8,0,91
BRDA:98,8,1,82
BRDA:98,8,2,73
BRDA:114,9,0,14
BRDA:114,9,1,2
BRDA:138,10,0,5
BRDA:138,10,1,9
BRDA:138,11,0,14
BRDA:138,11,1,10
BRDA:155,12,0,1
BRDA:155,12,1,1
BRF:25
BRH:25
end_of_record
