TN:
SF:/Users/benturner/Dropbox/Code/galapagus/app/linguist/user.js
FN:3,(anonymous_1)
FN:35,(anonymous_2)
FN:51,(anonymous_3)
FNF:3
FNH:3
FNDA:15,(anonymous_1)
FNDA:13,(anonymous_2)
FNDA:2,(anonymous_3)
DA:1,1
DA:3,1
DA:4,15
DA:5,15
DA:6,15
DA:7,3
DA:9,15
DA:10,11
DA:11,12
DA:18,4
DA:35,1
DA:36,13
DA:37,1
DA:48,12
DA:51,1
DA:52,2
DA:55,1
LF:17
LH:17
BRDA:5,1,0,15
BRDA:5,1,1,12
BRDA:6,2,0,3
BRDA:6,2,1,12
BRDA:9,3,0,11
BRDA:9,3,1,4
BRDA:36,4,0,1
BRDA:36,4,1,12
BRDA:36,5,0,13
BRDA:36,5,1,12
BRDA:48,6,0,12
BRDA:48,6,1,11
BRDA:48,6,2,10
BRDA:48,6,3,2
BRF:14
BRH:14
end_of_record
TN:
SF:/Users/benturner/Dropbox/Code/galapagus/app/linguist/linguist.js
FN:23,(anonymous_1)
FN:36,MetaData
FN:49,Msg
FN:57,(anonymous_4)
FN:71,(anonymous_5)
FN:89,(anonymous_6)
FN:99,(anonymous_7)
FN:109,(anonymous_8)
FN:113,(anonymous_9)
FNF:9
FNH:9
FNDA:1,(anonymous_1)
FNDA:8,MetaData
FNDA:15,Msg
FNDA:91,(anonymous_4)
FNDA:16,(anonymous_5)
FNDA:14,(anonymous_6)
FNDA:2,(anonymous_7)
FNDA:2,(anonymous_8)
FNDA:1,(anonymous_9)
DA:23,1
DA:29,1
DA:31,1
DA:32,1
DA:33,1
DA:36,1
DA:37,8
DA:38,8
DA:39,6
DA:42,2
DA:45,8
DA:49,1
DA:50,15
DA:51,15
DA:53,15
DA:57,1
DA:58,91
DA:59,91
DA:60,31
DA:63,91
DA:64,26
DA:67,91
DA:71,1
DA:72,16
DA:73,14
DA:74,14
DA:76,14
DA:77,91
DA:80,14
DA:83,2
DA:85,14
DA:89,1
DA:90,14
DA:91,5
DA:94,14
DA:95,14
DA:99,1
DA:100,2
DA:101,1
DA:104,1
DA:105,1
DA:109,1
DA:110,2
DA:113,1
DA:114,1
DA:117,1
DA:127,1
LF:47
LH:47
BRDA:37,1,0,8
BRDA:37,1,1,2
BRDA:38,2,0,6
BRDA:38,2,1,2
BRDA:42,3,0,2
BRDA:42,3,1,2
BRDA:50,4,0,15
BRDA:50,4,1,3
BRDA:51,5,0,15
BRDA:51,5,1,1
BRDA:59,6,0,31
BRDA:59,6,1,60
BRDA:63,7,0,26
BRDA:63,7,1,65
BRDA:63,8,0,91
BRDA:63,8,1,82
BRDA:63,8,2,73
BRDA:72,9,0,14
BRDA:72,9,1,2
BRDA:90,10,0,5
BRDA:90,10,1,9
BRDA:90,11,0,14
BRDA:90,11,1,10
BRDA:100,12,0,1
BRDA:100,12,1,1
BRF:25
BRH:25
end_of_record
